INFO:sim:172 - Generating IP...
Resolving generics for 'rombios'...
Applying external generics to 'rombios'...
Delivering associated files for 'rombios'...
Delivering EJava files for 'rombios'...
Generating implementation netlist for 'rombios'...
INFO:sim - Pre-processing HDL files for 'rombios'...
Running synthesis for 'rombios'
Running ngcbuild...
Writing VEO instantiation template for 'rombios'...
Writing Verilog behavioral simulation model for 'rombios'...
WARNING:sim - Overwriting existing file
   /home/andy/Documents/Projects/Retrocomp/FPGA/ZXUNO/orion-2010-zxuno/src/cores
   /rombios/tmp/_cg/rombios/doc/blk_mem_gen_v7_3_vinfo.html with file from view
   xilinx_documentation
Delivered 1 file into directory
/home/andy/Documents/Projects/Retrocomp/FPGA/ZXUNO/orion-2010-zxuno/src/cores/ro
mbios/tmp/_cg/rombios
Generating ASY schematic symbol...
INFO:sim:949 - Finished generation of ASY schematic symbol.
Generating SYM schematic symbol for 'rombios'...
Generating metadata file...
Generating ISE project file for 'rombios'...
Generating ISE project...
XCO file found: rombios.xco
XMDF file found: rombios_xmdf.tcl
Adding
/home/andy/Documents/Projects/Retrocomp/FPGA/ZXUNO/orion-2010-zxuno/src/cores/ro
mbios/tmp/_cg/rombios.asy -view all -origin_type imported
Adding
/home/andy/Documents/Projects/Retrocomp/FPGA/ZXUNO/orion-2010-zxuno/src/cores/ro
mbios/tmp/_cg/rombios.ngc -view all -origin_type created
Checking file
"/home/andy/Documents/Projects/Retrocomp/FPGA/ZXUNO/orion-2010-zxuno/src/cores/r
ombios/tmp/_cg/rombios.ngc" for project device match ...
File
"/home/andy/Documents/Projects/Retrocomp/FPGA/ZXUNO/orion-2010-zxuno/src/cores/r
ombios/tmp/_cg/rombios.ngc" device information matches project device.
Adding
/home/andy/Documents/Projects/Retrocomp/FPGA/ZXUNO/orion-2010-zxuno/src/cores/ro
mbios/tmp/_cg/rombios.sym -view all -origin_type imported
Adding
/home/andy/Documents/Projects/Retrocomp/FPGA/ZXUNO/orion-2010-zxuno/src/cores/ro
mbios/tmp/_cg/rombios.v -view all -origin_type created
INFO:HDLCompiler:1845 - Analyzing Verilog file
   "/home/andy/Documents/Projects/Retrocomp/FPGA/ZXUNO/orion-2010-zxuno/src/core
   s/rombios/tmp/_cg/rombios.v" into library work
INFO:ProjectMgmt - Parsing design hierarchy completed successfully.
Adding
/home/andy/Documents/Projects/Retrocomp/FPGA/ZXUNO/orion-2010-zxuno/src/cores/ro
mbios/tmp/_cg/rombios.veo -view all -origin_type imported
INFO:TclTasksC:2116 - The automatic calculation of top has been turned-off.
   Please set the new top explicitly by running the "project set top" command.
   To re-calculate the new top automatically, set the "Auto Implementation Top"
   property to true.
Top level has been set to "/rombios"
Generating README file...
Generating FLIST file...
INFO:sim:948 - Finished FLIST file generation.
Launching README viewer...
Moving files to output directory...
Finished moving files to output directory
Wrote CGP file for project 'rombios'.
